<?xml version="1.0" encoding="UTF-8"?>
<testng-results ignored="0" total="27" passed="25" failed="2" skipped="0">
  <reporter-output>
    <line>
      <![CDATA[username is agni]]>
    </line>
    <line>
      <![CDATA[password is Test@123]]>
    </line>
    <line>
      <![CDATA[click_login]]>
    </line>
    <line>
      <![CDATA[username is agni]]>
    </line>
    <line>
      <![CDATA[password is Test@123]]>
    </line>
    <line>
      <![CDATA[click_login]]>
    </line>
    <line>
      <![CDATA[username is agni]]>
    </line>
    <line>
      <![CDATA[password is Test@123]]>
    </line>
    <line>
      <![CDATA[click_login]]>
    </line>
    <line>
      <![CDATA[username is agni]]>
    </line>
    <line>
      <![CDATA[password is Test@123]]>
    </line>
    <line>
      <![CDATA[click_login]]>
    </line>
    <line>
      <![CDATA[username is agni]]>
    </line>
    <line>
      <![CDATA[password is Test@123]]>
    </line>
    <line>
      <![CDATA[click_login]]>
    </line>
    <line>
      <![CDATA[username is agni]]>
    </line>
    <line>
      <![CDATA[password is Test@123]]>
    </line>
    <line>
      <![CDATA[click_login]]>
    </line>
    <line>
      <![CDATA[username is agni]]>
    </line>
    <line>
      <![CDATA[password is Test@123]]>
    </line>
    <line>
      <![CDATA[click_login]]>
    </line>
    <line>
      <![CDATA[username is agni]]>
    </line>
    <line>
      <![CDATA[password is Test@123]]>
    </line>
    <line>
      <![CDATA[click_login]]>
    </line>
    <line>
      <![CDATA[username is agni]]>
    </line>
    <line>
      <![CDATA[password is Test@123]]>
    </line>
    <line>
      <![CDATA[click_login]]>
    </line>
    <line>
      <![CDATA[username is agni]]>
    </line>
    <line>
      <![CDATA[password is Test@123]]>
    </line>
    <line>
      <![CDATA[click_login]]>
    </line>
    <line>
      <![CDATA[username is agni]]>
    </line>
    <line>
      <![CDATA[password is Test@123]]>
    </line>
    <line>
      <![CDATA[click_login]]>
    </line>
    <line>
      <![CDATA[username is agni]]>
    </line>
    <line>
      <![CDATA[password is Test@123]]>
    </line>
    <line>
      <![CDATA[click_login]]>
    </line>
    <line>
      <![CDATA[username is agni]]>
    </line>
    <line>
      <![CDATA[password is Test@123]]>
    </line>
    <line>
      <![CDATA[click_login]]>
    </line>
    <line>
      <![CDATA[username is agni]]>
    </line>
    <line>
      <![CDATA[password is Test@123]]>
    </line>
    <line>
      <![CDATA[click_login]]>
    </line>
    <line>
      <![CDATA[username is agni]]>
    </line>
    <line>
      <![CDATA[password is Test@123]]>
    </line>
    <line>
      <![CDATA[click_login]]>
    </line>
    <line>
      <![CDATA[username is agni]]>
    </line>
    <line>
      <![CDATA[password is Test@123]]>
    </line>
    <line>
      <![CDATA[click_login]]>
    </line>
    <line>
      <![CDATA[username is agni]]>
    </line>
    <line>
      <![CDATA[password is Test@123]]>
    </line>
    <line>
      <![CDATA[click_login]]>
    </line>
    <line>
      <![CDATA[username is agni]]>
    </line>
    <line>
      <![CDATA[password is Test@123]]>
    </line>
    <line>
      <![CDATA[click_login]]>
    </line>
    <line>
      <![CDATA[username is agni]]>
    </line>
    <line>
      <![CDATA[password is Test@123]]>
    </line>
    <line>
      <![CDATA[click_login]]>
    </line>
    <line>
      <![CDATA[username is agni]]>
    </line>
    <line>
      <![CDATA[password is Test@123]]>
    </line>
    <line>
      <![CDATA[click_login]]>
    </line>
    <line>
      <![CDATA[username is agni]]>
    </line>
    <line>
      <![CDATA[password is Test@123]]>
    </line>
    <line>
      <![CDATA[click_login]]>
    </line>
    <line>
      <![CDATA[username is agni]]>
    </line>
    <line>
      <![CDATA[password is Test@123]]>
    </line>
    <line>
      <![CDATA[click_login]]>
    </line>
    <line>
      <![CDATA[username is agni]]>
    </line>
    <line>
      <![CDATA[password is Test@123]]>
    </line>
    <line>
      <![CDATA[click_login]]>
    </line>
    <line>
      <![CDATA[username is agni]]>
    </line>
    <line>
      <![CDATA[password is Test@123]]>
    </line>
    <line>
      <![CDATA[click_login]]>
    </line>
    <line>
      <![CDATA[username is agni]]>
    </line>
    <line>
      <![CDATA[password is Test@123]]>
    </line>
    <line>
      <![CDATA[click_login]]>
    </line>
    <line>
      <![CDATA[username is agni]]>
    </line>
    <line>
      <![CDATA[password is Test@123]]>
    </line>
    <line>
      <![CDATA[click_login]]>
    </line>
    <line>
      <![CDATA[username is agni]]>
    </line>
    <line>
      <![CDATA[password is Test@123]]>
    </line>
    <line>
      <![CDATA[click_login]]>
    </line>
  </reporter-output>
  <suite started-at="2022-05-23T15:41:33 IST" name="Default suite" finished-at="2022-05-23T15:51:38 IST" duration-ms="604291">
    <groups>
    </groups>
    <test started-at="2022-05-23T15:41:33 IST" name="Default test" finished-at="2022-05-23T15:51:38 IST" duration-ms="604291">
      <class name="Stage_4_package.stage_4_class1">
        <test-method signature="f1()[pri:0, instance:Stage_4_package.stage_4_class1@58670130]" started-at="2022-05-23T15:41:33 IST" name="f1" finished-at="2022-05-23T15:41:47 IST" duration-ms="13236" status="PASS">
          <reporter-output>
            <line>
              <![CDATA[username is agni]]>
            </line>
            <line>
              <![CDATA[password is Test@123]]>
            </line>
            <line>
              <![CDATA[click_login]]>
            </line>
          </reporter-output>
        </test-method> <!-- f1 -->
        <test-method signature="f2()[pri:1, instance:Stage_4_package.stage_4_class1@58670130]" started-at="2022-05-23T15:41:47 IST" name="f2" finished-at="2022-05-23T15:42:09 IST" duration-ms="22488" status="PASS">
          <reporter-output>
            <line>
              <![CDATA[username is agni]]>
            </line>
            <line>
              <![CDATA[password is Test@123]]>
            </line>
            <line>
              <![CDATA[click_login]]>
            </line>
          </reporter-output>
        </test-method> <!-- f2 -->
        <test-method signature="f4()[pri:2, instance:Stage_4_package.stage_4_class1@58670130]" started-at="2022-05-23T15:42:09 IST" name="f4" finished-at="2022-05-23T15:42:31 IST" duration-ms="22427" status="PASS">
          <reporter-output>
            <line>
              <![CDATA[username is agni]]>
            </line>
            <line>
              <![CDATA[password is Test@123]]>
            </line>
            <line>
              <![CDATA[click_login]]>
            </line>
          </reporter-output>
        </test-method> <!-- f4 -->
        <test-method signature="f3()[pri:3, instance:Stage_4_package.stage_4_class1@58670130]" started-at="2022-05-23T15:42:31 IST" name="f3" finished-at="2022-05-23T15:42:50 IST" duration-ms="18343" status="PASS">
          <reporter-output>
            <line>
              <![CDATA[username is agni]]>
            </line>
            <line>
              <![CDATA[password is Test@123]]>
            </line>
            <line>
              <![CDATA[click_login]]>
            </line>
          </reporter-output>
        </test-method> <!-- f3 -->
        <test-method signature="f5()[pri:4, instance:Stage_4_package.stage_4_class1@58670130]" started-at="2022-05-23T15:42:50 IST" name="f5" finished-at="2022-05-23T15:43:08 IST" duration-ms="18022" status="PASS">
          <reporter-output>
            <line>
              <![CDATA[username is agni]]>
            </line>
            <line>
              <![CDATA[password is Test@123]]>
            </line>
            <line>
              <![CDATA[click_login]]>
            </line>
          </reporter-output>
        </test-method> <!-- f5 -->
        <test-method signature="f6()[pri:5, instance:Stage_4_package.stage_4_class1@58670130]" started-at="2022-05-23T15:43:08 IST" name="f6" finished-at="2022-05-23T15:43:23 IST" duration-ms="15257" status="PASS">
          <reporter-output>
            <line>
              <![CDATA[username is agni]]>
            </line>
            <line>
              <![CDATA[password is Test@123]]>
            </line>
            <line>
              <![CDATA[click_login]]>
            </line>
          </reporter-output>
        </test-method> <!-- f6 -->
        <test-method signature="f7()[pri:6, instance:Stage_4_package.stage_4_class1@58670130]" started-at="2022-05-23T15:43:23 IST" name="f7" finished-at="2022-05-23T15:43:42 IST" duration-ms="18530" status="PASS">
          <reporter-output>
            <line>
              <![CDATA[username is agni]]>
            </line>
            <line>
              <![CDATA[password is Test@123]]>
            </line>
            <line>
              <![CDATA[click_login]]>
            </line>
          </reporter-output>
        </test-method> <!-- f7 -->
        <test-method signature="f8()[pri:7, instance:Stage_4_package.stage_4_class1@58670130]" started-at="2022-05-23T15:43:42 IST" name="f8" finished-at="2022-05-23T15:43:58 IST" duration-ms="16291" status="FAIL">
          <exception class="java.lang.Exception">
            <full-stacktrace>
              <![CDATA[java.lang.Exception
at Stage_4_package.stage_4_class1.f8(stage_4_class1.java:483)
at java.base/jdk.internal.reflect.NativeMethodAccessorImpl.invoke0(Native Method)
at java.base/jdk.internal.reflect.NativeMethodAccessorImpl.invoke(NativeMethodAccessorImpl.java:77)
at java.base/jdk.internal.reflect.DelegatingMethodAccessorImpl.invoke(DelegatingMethodAccessorImpl.java:43)
at java.base/java.lang.reflect.Method.invoke(Method.java:568)
at org.testng.internal.MethodInvocationHelper.invokeMethod(MethodInvocationHelper.java:133)
at org.testng.internal.TestInvoker.invokeMethod(TestInvoker.java:598)
at org.testng.internal.TestInvoker.invokeTestMethod(TestInvoker.java:173)
at org.testng.internal.MethodRunner.runInSequence(MethodRunner.java:46)
at org.testng.internal.TestInvoker$MethodInvocationAgent.invoke(TestInvoker.java:824)
at org.testng.internal.TestInvoker.invokeTestMethods(TestInvoker.java:146)
at org.testng.internal.TestMethodWorker.invokeTestMethods(TestMethodWorker.java:146)
at org.testng.internal.TestMethodWorker.run(TestMethodWorker.java:128)
at java.base/java.util.ArrayList.forEach(ArrayList.java:1511)
at org.testng.TestRunner.privateRun(TestRunner.java:794)
at org.testng.TestRunner.run(TestRunner.java:596)
at org.testng.SuiteRunner.runTest(SuiteRunner.java:377)
at org.testng.SuiteRunner.runSequentially(SuiteRunner.java:371)
at org.testng.SuiteRunner.privateRun(SuiteRunner.java:332)
at org.testng.SuiteRunner.run(SuiteRunner.java:276)
at org.testng.SuiteRunnerWorker.runSuite(SuiteRunnerWorker.java:53)
at org.testng.SuiteRunnerWorker.run(SuiteRunnerWorker.java:96)
at org.testng.TestNG.runSuitesSequentially(TestNG.java:1212)
at org.testng.TestNG.runSuitesLocally(TestNG.java:1134)
at org.testng.TestNG.runSuites(TestNG.java:1063)
at org.testng.TestNG.run(TestNG.java:1031)
at org.testng.remote.AbstractRemoteTestNG.run(AbstractRemoteTestNG.java:115)
at org.testng.remote.RemoteTestNG.initAndRun(RemoteTestNG.java:251)
at org.testng.remote.RemoteTestNG.main(RemoteTestNG.java:77)
]]>
            </full-stacktrace>
          </exception> <!-- java.lang.Exception -->
          <reporter-output>
            <line>
              <![CDATA[username is agni]]>
            </line>
            <line>
              <![CDATA[password is Test@123]]>
            </line>
            <line>
              <![CDATA[click_login]]>
            </line>
          </reporter-output>
        </test-method> <!-- f8 -->
        <test-method signature="f9()[pri:8, instance:Stage_4_package.stage_4_class1@58670130]" started-at="2022-05-23T15:43:58 IST" name="f9" finished-at="2022-05-23T15:44:19 IST" duration-ms="20848" status="FAIL">
          <exception class="java.lang.Exception">
            <full-stacktrace>
              <![CDATA[java.lang.Exception
at Stage_4_package.stage_4_class1.f9(stage_4_class1.java:581)
at java.base/jdk.internal.reflect.NativeMethodAccessorImpl.invoke0(Native Method)
at java.base/jdk.internal.reflect.NativeMethodAccessorImpl.invoke(NativeMethodAccessorImpl.java:77)
at java.base/jdk.internal.reflect.DelegatingMethodAccessorImpl.invoke(DelegatingMethodAccessorImpl.java:43)
at java.base/java.lang.reflect.Method.invoke(Method.java:568)
at org.testng.internal.MethodInvocationHelper.invokeMethod(MethodInvocationHelper.java:133)
at org.testng.internal.TestInvoker.invokeMethod(TestInvoker.java:598)
at org.testng.internal.TestInvoker.invokeTestMethod(TestInvoker.java:173)
at org.testng.internal.MethodRunner.runInSequence(MethodRunner.java:46)
at org.testng.internal.TestInvoker$MethodInvocationAgent.invoke(TestInvoker.java:824)
at org.testng.internal.TestInvoker.invokeTestMethods(TestInvoker.java:146)
at org.testng.internal.TestMethodWorker.invokeTestMethods(TestMethodWorker.java:146)
at org.testng.internal.TestMethodWorker.run(TestMethodWorker.java:128)
at java.base/java.util.ArrayList.forEach(ArrayList.java:1511)
at org.testng.TestRunner.privateRun(TestRunner.java:794)
at org.testng.TestRunner.run(TestRunner.java:596)
at org.testng.SuiteRunner.runTest(SuiteRunner.java:377)
at org.testng.SuiteRunner.runSequentially(SuiteRunner.java:371)
at org.testng.SuiteRunner.privateRun(SuiteRunner.java:332)
at org.testng.SuiteRunner.run(SuiteRunner.java:276)
at org.testng.SuiteRunnerWorker.runSuite(SuiteRunnerWorker.java:53)
at org.testng.SuiteRunnerWorker.run(SuiteRunnerWorker.java:96)
at org.testng.TestNG.runSuitesSequentially(TestNG.java:1212)
at org.testng.TestNG.runSuitesLocally(TestNG.java:1134)
at org.testng.TestNG.runSuites(TestNG.java:1063)
at org.testng.TestNG.run(TestNG.java:1031)
at org.testng.remote.AbstractRemoteTestNG.run(AbstractRemoteTestNG.java:115)
at org.testng.remote.RemoteTestNG.initAndRun(RemoteTestNG.java:251)
at org.testng.remote.RemoteTestNG.main(RemoteTestNG.java:77)
]]>
            </full-stacktrace>
          </exception> <!-- java.lang.Exception -->
          <reporter-output>
            <line>
              <![CDATA[username is agni]]>
            </line>
            <line>
              <![CDATA[password is Test@123]]>
            </line>
            <line>
              <![CDATA[click_login]]>
            </line>
          </reporter-output>
        </test-method> <!-- f9 -->
        <test-method signature="f10()[pri:9, instance:Stage_4_package.stage_4_class1@58670130]" started-at="2022-05-23T15:44:19 IST" name="f10" finished-at="2022-05-23T15:44:49 IST" duration-ms="29866" status="PASS">
          <reporter-output>
            <line>
              <![CDATA[username is agni]]>
            </line>
            <line>
              <![CDATA[password is Test@123]]>
            </line>
            <line>
              <![CDATA[click_login]]>
            </line>
          </reporter-output>
        </test-method> <!-- f10 -->
        <test-method signature="f11()[pri:10, instance:Stage_4_package.stage_4_class1@58670130]" started-at="2022-05-23T15:44:49 IST" name="f11" finished-at="2022-05-23T15:45:18 IST" duration-ms="29181" status="PASS">
          <reporter-output>
            <line>
              <![CDATA[username is agni]]>
            </line>
            <line>
              <![CDATA[password is Test@123]]>
            </line>
            <line>
              <![CDATA[click_login]]>
            </line>
          </reporter-output>
        </test-method> <!-- f11 -->
        <test-method signature="f12()[pri:11, instance:Stage_4_package.stage_4_class1@58670130]" started-at="2022-05-23T15:45:18 IST" name="f12" finished-at="2022-05-23T15:45:44 IST" duration-ms="26110" status="PASS">
          <reporter-output>
            <line>
              <![CDATA[username is agni]]>
            </line>
            <line>
              <![CDATA[password is Test@123]]>
            </line>
            <line>
              <![CDATA[click_login]]>
            </line>
          </reporter-output>
        </test-method> <!-- f12 -->
        <test-method signature="f13()[pri:12, instance:Stage_4_package.stage_4_class1@58670130]" started-at="2022-05-23T15:45:44 IST" name="f13" finished-at="2022-05-23T15:46:02 IST" duration-ms="17629" status="PASS">
          <reporter-output>
            <line>
              <![CDATA[username is agni]]>
            </line>
            <line>
              <![CDATA[password is Test@123]]>
            </line>
            <line>
              <![CDATA[click_login]]>
            </line>
          </reporter-output>
        </test-method> <!-- f13 -->
        <test-method signature="f14()[pri:13, instance:Stage_4_package.stage_4_class1@58670130]" started-at="2022-05-23T15:46:02 IST" name="f14" finished-at="2022-05-23T15:46:31 IST" duration-ms="29461" status="PASS">
          <reporter-output>
            <line>
              <![CDATA[username is agni]]>
            </line>
            <line>
              <![CDATA[password is Test@123]]>
            </line>
            <line>
              <![CDATA[click_login]]>
            </line>
          </reporter-output>
        </test-method> <!-- f14 -->
        <test-method signature="f16()[pri:14, instance:Stage_4_package.stage_4_class1@58670130]" started-at="2022-05-23T15:46:31 IST" name="f16" finished-at="2022-05-23T15:47:00 IST" duration-ms="29224" status="PASS">
          <reporter-output>
            <line>
              <![CDATA[username is agni]]>
            </line>
            <line>
              <![CDATA[password is Test@123]]>
            </line>
            <line>
              <![CDATA[click_login]]>
            </line>
          </reporter-output>
        </test-method> <!-- f16 -->
        <test-method signature="f15()[pri:15, instance:Stage_4_package.stage_4_class1@58670130]" started-at="2022-05-23T15:47:00 IST" name="f15" finished-at="2022-05-23T15:47:24 IST" duration-ms="23550" status="PASS">
          <reporter-output>
            <line>
              <![CDATA[username is agni]]>
            </line>
            <line>
              <![CDATA[password is Test@123]]>
            </line>
            <line>
              <![CDATA[click_login]]>
            </line>
          </reporter-output>
        </test-method> <!-- f15 -->
        <test-method signature="f17()[pri:16, instance:Stage_4_package.stage_4_class1@58670130]" started-at="2022-05-23T15:47:24 IST" name="f17" finished-at="2022-05-23T15:47:40 IST" duration-ms="16085" status="PASS">
          <reporter-output>
            <line>
              <![CDATA[username is agni]]>
            </line>
            <line>
              <![CDATA[password is Test@123]]>
            </line>
            <line>
              <![CDATA[click_login]]>
            </line>
          </reporter-output>
        </test-method> <!-- f17 -->
        <test-method signature="f18()[pri:17, instance:Stage_4_package.stage_4_class1@58670130]" started-at="2022-05-23T15:47:40 IST" name="f18" finished-at="2022-05-23T15:47:57 IST" duration-ms="16794" status="PASS">
          <reporter-output>
            <line>
              <![CDATA[username is agni]]>
            </line>
            <line>
              <![CDATA[password is Test@123]]>
            </line>
            <line>
              <![CDATA[click_login]]>
            </line>
          </reporter-output>
        </test-method> <!-- f18 -->
        <test-method signature="f19()[pri:18, instance:Stage_4_package.stage_4_class1@58670130]" started-at="2022-05-23T15:47:57 IST" name="f19" finished-at="2022-05-23T15:48:17 IST" duration-ms="20483" status="PASS">
          <reporter-output>
            <line>
              <![CDATA[username is agni]]>
            </line>
            <line>
              <![CDATA[password is Test@123]]>
            </line>
            <line>
              <![CDATA[click_login]]>
            </line>
          </reporter-output>
        </test-method> <!-- f19 -->
        <test-method signature="f20()[pri:19, instance:Stage_4_package.stage_4_class1@58670130]" started-at="2022-05-23T15:48:17 IST" name="f20" finished-at="2022-05-23T15:48:45 IST" duration-ms="27490" status="PASS">
          <reporter-output>
            <line>
              <![CDATA[username is agni]]>
            </line>
            <line>
              <![CDATA[password is Test@123]]>
            </line>
            <line>
              <![CDATA[click_login]]>
            </line>
          </reporter-output>
        </test-method> <!-- f20 -->
        <test-method signature="f22()[pri:20, instance:Stage_4_package.stage_4_class1@58670130]" started-at="2022-05-23T15:48:45 IST" name="f22" finished-at="2022-05-23T15:49:16 IST" duration-ms="31537" status="PASS">
          <reporter-output>
            <line>
              <![CDATA[username is agni]]>
            </line>
            <line>
              <![CDATA[password is Test@123]]>
            </line>
            <line>
              <![CDATA[click_login]]>
            </line>
          </reporter-output>
        </test-method> <!-- f22 -->
        <test-method signature="f21()[pri:21, instance:Stage_4_package.stage_4_class1@58670130]" started-at="2022-05-23T15:49:16 IST" name="f21" finished-at="2022-05-23T15:49:43 IST" duration-ms="27053" status="PASS">
          <reporter-output>
            <line>
              <![CDATA[username is agni]]>
            </line>
            <line>
              <![CDATA[password is Test@123]]>
            </line>
            <line>
              <![CDATA[click_login]]>
            </line>
          </reporter-output>
        </test-method> <!-- f21 -->
        <test-method signature="f23()[pri:22, instance:Stage_4_package.stage_4_class1@58670130]" started-at="2022-05-23T15:49:43 IST" name="f23" finished-at="2022-05-23T15:50:05 IST" duration-ms="22091" status="PASS">
          <reporter-output>
            <line>
              <![CDATA[username is agni]]>
            </line>
            <line>
              <![CDATA[password is Test@123]]>
            </line>
            <line>
              <![CDATA[click_login]]>
            </line>
          </reporter-output>
        </test-method> <!-- f23 -->
        <test-method signature="f24()[pri:23, instance:Stage_4_package.stage_4_class1@58670130]" started-at="2022-05-23T15:50:05 IST" name="f24" finished-at="2022-05-23T15:50:38 IST" duration-ms="32488" status="PASS">
          <reporter-output>
            <line>
              <![CDATA[username is agni]]>
            </line>
            <line>
              <![CDATA[password is Test@123]]>
            </line>
            <line>
              <![CDATA[click_login]]>
            </line>
          </reporter-output>
        </test-method> <!-- f24 -->
        <test-method signature="f25()[pri:24, instance:Stage_4_package.stage_4_class1@58670130]" started-at="2022-05-23T15:50:38 IST" name="f25" finished-at="2022-05-23T15:51:02 IST" duration-ms="24577" status="PASS">
          <reporter-output>
            <line>
              <![CDATA[username is agni]]>
            </line>
            <line>
              <![CDATA[password is Test@123]]>
            </line>
            <line>
              <![CDATA[click_login]]>
            </line>
          </reporter-output>
        </test-method> <!-- f25 -->
        <test-method signature="f26()[pri:25, instance:Stage_4_package.stage_4_class1@58670130]" started-at="2022-05-23T15:51:02 IST" name="f26" finished-at="2022-05-23T15:51:20 IST" duration-ms="17488" status="PASS">
          <reporter-output>
            <line>
              <![CDATA[username is agni]]>
            </line>
            <line>
              <![CDATA[password is Test@123]]>
            </line>
            <line>
              <![CDATA[click_login]]>
            </line>
          </reporter-output>
        </test-method> <!-- f26 -->
        <test-method signature="f27()[pri:26, instance:Stage_4_package.stage_4_class1@58670130]" started-at="2022-05-23T15:51:20 IST" name="f27" finished-at="2022-05-23T15:51:38 IST" duration-ms="17538" status="PASS">
          <reporter-output>
            <line>
              <![CDATA[username is agni]]>
            </line>
            <line>
              <![CDATA[password is Test@123]]>
            </line>
            <line>
              <![CDATA[click_login]]>
            </line>
          </reporter-output>
        </test-method> <!-- f27 -->
      </class> <!-- Stage_4_package.stage_4_class1 -->
    </test> <!-- Default test -->
  </suite> <!-- Default suite -->
</testng-results>
